22:33:45:932  INFO 24536 --- [main] com.hmall.pay.PayApplication             : The following 1 profile is active: "local"
22:33:47:040  INFO 24536 --- [main] o.s.cloud.context.scope.GenericScope     : BeanFactory id=79214c20-ebe3-3340-b51c-4af778af457b
22:33:47:795  INFO 24536 --- [main] o.s.b.w.embedded.tomcat.TomcatWebServer  : Tomcat initialized with port(s): 8086 (http)
22:33:47:807  INFO 24536 --- [main] o.apache.catalina.core.StandardService   : Starting service [Tomcat]
22:33:47:807  INFO 24536 --- [main] org.apache.catalina.core.StandardEngine  : Starting Servlet engine: [Apache Tomcat/9.0.75]
22:33:47:929  INFO 24536 --- [main] o.a.c.c.C.[Tomcat].[localhost].[/]       : Initializing Spring embedded WebApplicationContext
22:33:47:929  INFO 24536 --- [main] w.s.c.ServletWebServerApplicationContext : Root WebApplicationContext: initialization completed in 1971 ms
22:33:48:341  INFO 24536 --- [main] o.s.c.openfeign.FeignClientFactoryBean   : For 'user-service' URL not provided. Will try picking an instance via load-balancing.
22:33:49:453  INFO 24536 --- [main] c.a.c.sentinel.SentinelWebMvcConfigurer  : [Sentinel Starter] register SentinelWebInterceptor with urlPatterns: [/**].
22:33:50:832  INFO 24536 --- [main] o.s.cloud.commons.util.InetUtils         : Cannot determine local hostname
22:33:50:920  INFO 24536 --- [main] pertySourcedRequestMappingHandlerMapping : Mapped URL path [/v2/api-docs] onto method [springfox.documentation.swagger2.web.Swagger2ControllerWebMvc#getDocumentation(String, HttpServletRequest)]
22:33:52:060  INFO 24536 --- [main] o.s.cloud.commons.util.InetUtils         : Cannot determine local hostname
22:33:52:271  INFO 24536 --- [main] com.alibaba.nacos.common.remote.client   : [RpcClientFactory] create a new rpc client of cee8fae3-39a1-41ae-b68a-46d8880b0f63
22:33:52:271  INFO 24536 --- [main] com.alibaba.nacos.common.remote.client   : [cee8fae3-39a1-41ae-b68a-46d8880b0f63] RpcClient init label, labels = {module=naming, source=sdk}
22:33:52:273  INFO 24536 --- [main] com.alibaba.nacos.common.remote.client   : [cee8fae3-39a1-41ae-b68a-46d8880b0f63] RpcClient init, ServerListFactory = com.alibaba.nacos.client.naming.core.ServerListManager
22:33:52:273  INFO 24536 --- [main] com.alibaba.nacos.common.remote.client   : [cee8fae3-39a1-41ae-b68a-46d8880b0f63] Registry connection listener to current client:com.alibaba.nacos.client.naming.remote.gprc.redo.NamingGrpcRedoService
22:33:52:273  INFO 24536 --- [main] com.alibaba.nacos.common.remote.client   : [cee8fae3-39a1-41ae-b68a-46d8880b0f63] Register server push request handler:com.alibaba.nacos.client.naming.remote.gprc.NamingPushRequestHandler
22:33:52:274  INFO 24536 --- [main] com.alibaba.nacos.common.remote.client   : [cee8fae3-39a1-41ae-b68a-46d8880b0f63] Try to connect to server on start up, server: {serverIp = '192.168.100.128', server main port = 8848}
22:33:52:390  INFO 24536 --- [main] com.alibaba.nacos.common.remote.client   : [cee8fae3-39a1-41ae-b68a-46d8880b0f63] Success to connect to server [192.168.100.128:8848] on start up, connectionId = 1748010833275_192.168.100.1_25650
22:33:52:390  INFO 24536 --- [main] com.alibaba.nacos.common.remote.client   : [cee8fae3-39a1-41ae-b68a-46d8880b0f63] Register server push request handler:com.alibaba.nacos.common.remote.client.RpcClient$ConnectResetRequestHandler
22:33:52:390  INFO 24536 --- [com.alibaba.nacos.client.remote.worker] com.alibaba.nacos.common.remote.client   : [cee8fae3-39a1-41ae-b68a-46d8880b0f63] Notify connected event to listeners.
22:33:52:390  INFO 24536 --- [main] com.alibaba.nacos.common.remote.client   : [cee8fae3-39a1-41ae-b68a-46d8880b0f63] Register server push request handler:com.alibaba.nacos.common.remote.client.RpcClient$$Lambda/0x0000021f505008e0
22:33:52:437  INFO 24536 --- [main] o.s.b.w.embedded.tomcat.TomcatWebServer  : Tomcat started on port(s): 8086 (http) with context path ''
22:33:52:452  INFO 24536 --- [main] c.a.c.n.registry.NacosServiceRegistry    : nacos registry, DEFAULT_GROUP pay-service 192.168.100.1:8086 register finished
22:33:52:915  INFO 24536 --- [nacos-grpc-client-executor-9] com.alibaba.nacos.common.remote.client   : [cee8fae3-39a1-41ae-b68a-46d8880b0f63] Receive server push request, request = NotifySubscriberRequest, requestId = 14
22:33:52:918  INFO 24536 --- [nacos-grpc-client-executor-9] com.alibaba.nacos.common.remote.client   : [cee8fae3-39a1-41ae-b68a-46d8880b0f63] Ack server push request, request = NotifySubscriberRequest, requestId = 14
22:33:53:457  INFO 24536 --- [main] o.s.cloud.commons.util.InetUtils         : Cannot determine local hostname
22:33:53:457  INFO 24536 --- [main] d.s.w.p.DocumentationPluginsBootstrapper : Documentation plugins bootstrapped
22:33:53:460  INFO 24536 --- [main] d.s.w.p.DocumentationPluginsBootstrapper : Found 1 custom documentation plugin(s)
22:33:53:478  INFO 24536 --- [main] s.d.s.w.s.ApiListingReferenceScanner     : Scanning for api listing references
22:33:53:568  INFO 24536 --- [main] com.hmall.pay.PayApplication             : Started PayApplication in 12.349 seconds (JVM running for 13.483)
22:33:53:574  INFO 24536 --- [main] c.a.c.n.refresh.NacosContextRefresher    : [Nacos Config] Listening config: dataId=pay-service, group=DEFAULT_GROUP
22:33:53:574  INFO 24536 --- [main] c.a.c.n.refresh.NacosContextRefresher    : [Nacos Config] Listening config: dataId=pay-service.yaml, group=DEFAULT_GROUP
22:33:53:574  INFO 24536 --- [main] c.a.c.n.refresh.NacosContextRefresher    : [Nacos Config] Listening config: dataId=pay-service-local.yaml, group=DEFAULT_GROUP
23:13:29:914  WARN 24536 --- [Thread-1] c.a.n.common.http.HttpClientBeanHolder   : [HttpClientBeanHolder] Start destroying common HttpClient
23:13:29:914  WARN 24536 --- [Thread-5] c.a.nacos.common.notify.NotifyCenter     : [NotifyCenter] Start destroying Publisher
23:13:29:937  WARN 24536 --- [Thread-5] c.a.nacos.common.notify.NotifyCenter     : [NotifyCenter] Destruction of the end
23:13:29:959  WARN 24536 --- [Thread-1] c.a.n.common.http.HttpClientBeanHolder   : [HttpClientBeanHolder] Destruction of the end
23:13:30:309  INFO 24536 --- [SpringApplicationShutdownHook] c.a.c.n.registry.NacosServiceRegistry    : De-registering from Nacos Server now...
23:13:30:320  INFO 24536 --- [SpringApplicationShutdownHook] c.a.c.n.registry.NacosServiceRegistry    : De-registration finished.
23:13:30:632  INFO 24536 --- [SpringApplicationShutdownHook] com.alibaba.nacos.common.remote.client   : Shutdown rpc client, set status to shutdown
23:13:30:633  INFO 24536 --- [SpringApplicationShutdownHook] com.alibaba.nacos.common.remote.client   : Shutdown client event executor java.util.concurrent.ScheduledThreadPoolExecutor@64dcfd09[Running, pool size = 2, active threads = 2, queued tasks = 0, completed tasks = 0]
23:13:30:634  INFO 24536 --- [SpringApplicationShutdownHook] com.alibaba.nacos.common.remote.client   : Close current connection 1748010833275_192.168.100.1_25650
23:13:30:641  INFO 24536 --- [nacos-grpc-client-executor-506] c.a.n.c.remote.client.grpc.GrpcClient    : [1748010833275_192.168.100.1_25650]Ignore complete event,isRunning:false,isAbandon=false
23:13:30:672  INFO 24536 --- [SpringApplicationShutdownHook] c.a.n.c.remote.client.grpc.GrpcClient    : Shutdown grpc executor java.util.concurrent.ThreadPoolExecutor@52288c65[Running, pool size = 5, active threads = 0, queued tasks = 0, completed tasks = 507]
