22:33:19:887  INFO 1908 --- [main] com.hmall.cart.CartApplication           : The following 1 profile is active: "local"
22:33:21:901  INFO 1908 --- [main] o.s.cloud.context.scope.GenericScope     : BeanFactory id=77199d7f-8bc4-370d-a9f2-089ebbaec33e
22:33:23:088  INFO 1908 --- [main] o.s.b.w.embedded.tomcat.TomcatWebServer  : Tomcat initialized with port(s): 8082 (http)
22:33:23:110  INFO 1908 --- [main] o.apache.catalina.core.StandardService   : Starting service [Tomcat]
22:33:23:111  INFO 1908 --- [main] org.apache.catalina.core.StandardEngine  : Starting Servlet engine: [Apache Tomcat/9.0.75]
22:33:23:302  INFO 1908 --- [main] o.a.c.c.C.[Tomcat].[localhost].[/]       : Initializing Spring embedded WebApplicationContext
22:33:23:305  INFO 1908 --- [main] w.s.c.ServletWebServerApplicationContext : Root WebApplicationContext: initialization completed in 3376 ms
22:33:23:841  INFO 1908 --- [main] o.s.c.openfeign.FeignClientFactoryBean   : For 'item-service' URL not provided. Will try picking an instance via load-balancing.
22:33:24:987  INFO 1908 --- [main] c.a.c.sentinel.SentinelWebMvcConfigurer  : [Sentinel Starter] register SentinelWebInterceptor with urlPatterns: [/**].
22:33:26:550  INFO 1908 --- [main] o.s.cloud.commons.util.InetUtils         : Cannot determine local hostname
22:33:26:668  INFO 1908 --- [main] pertySourcedRequestMappingHandlerMapping : Mapped URL path [/v2/api-docs] onto method [springfox.documentation.swagger2.web.Swagger2ControllerWebMvc#getDocumentation(String, HttpServletRequest)]
22:33:28:050  INFO 1908 --- [main] o.s.cloud.commons.util.InetUtils         : Cannot determine local hostname
22:33:28:349  INFO 1908 --- [main] com.alibaba.nacos.common.remote.client   : [RpcClientFactory] create a new rpc client of 78a464e7-f8d6-4f71-89f9-e6d5b9863326
22:33:28:350  INFO 1908 --- [main] com.alibaba.nacos.common.remote.client   : [78a464e7-f8d6-4f71-89f9-e6d5b9863326] RpcClient init label, labels = {module=naming, source=sdk}
22:33:28:352  INFO 1908 --- [main] com.alibaba.nacos.common.remote.client   : [78a464e7-f8d6-4f71-89f9-e6d5b9863326] RpcClient init, ServerListFactory = com.alibaba.nacos.client.naming.core.ServerListManager
22:33:28:353  INFO 1908 --- [main] com.alibaba.nacos.common.remote.client   : [78a464e7-f8d6-4f71-89f9-e6d5b9863326] Registry connection listener to current client:com.alibaba.nacos.client.naming.remote.gprc.redo.NamingGrpcRedoService
22:33:28:353  INFO 1908 --- [main] com.alibaba.nacos.common.remote.client   : [78a464e7-f8d6-4f71-89f9-e6d5b9863326] Register server push request handler:com.alibaba.nacos.client.naming.remote.gprc.NamingPushRequestHandler
22:33:28:354  INFO 1908 --- [main] com.alibaba.nacos.common.remote.client   : [78a464e7-f8d6-4f71-89f9-e6d5b9863326] Try to connect to server on start up, server: {serverIp = '192.168.100.128', server main port = 8848}
22:33:28:477  INFO 1908 --- [main] com.alibaba.nacos.common.remote.client   : [78a464e7-f8d6-4f71-89f9-e6d5b9863326] Success to connect to server [192.168.100.128:8848] on start up, connectionId = 1748010809357_192.168.100.1_33378
22:33:28:477  INFO 1908 --- [main] com.alibaba.nacos.common.remote.client   : [78a464e7-f8d6-4f71-89f9-e6d5b9863326] Register server push request handler:com.alibaba.nacos.common.remote.client.RpcClient$ConnectResetRequestHandler
22:33:28:477  INFO 1908 --- [com.alibaba.nacos.client.remote.worker] com.alibaba.nacos.common.remote.client   : [78a464e7-f8d6-4f71-89f9-e6d5b9863326] Notify connected event to listeners.
22:33:28:477  INFO 1908 --- [main] com.alibaba.nacos.common.remote.client   : [78a464e7-f8d6-4f71-89f9-e6d5b9863326] Register server push request handler:com.alibaba.nacos.common.remote.client.RpcClient$$Lambda/0x00000283815048e0
22:33:28:535  INFO 1908 --- [main] o.s.b.w.embedded.tomcat.TomcatWebServer  : Tomcat started on port(s): 8082 (http) with context path ''
22:33:28:552  INFO 1908 --- [main] c.a.c.n.registry.NacosServiceRegistry    : nacos registry, DEFAULT_GROUP cart-service 192.168.100.1:8082 register finished
22:33:29:075  INFO 1908 --- [nacos-grpc-client-executor-7] com.alibaba.nacos.common.remote.client   : [78a464e7-f8d6-4f71-89f9-e6d5b9863326] Receive server push request, request = NotifySubscriberRequest, requestId = 12
22:33:29:079  INFO 1908 --- [nacos-grpc-client-executor-7] com.alibaba.nacos.common.remote.client   : [78a464e7-f8d6-4f71-89f9-e6d5b9863326] Ack server push request, request = NotifySubscriberRequest, requestId = 12
22:33:29:555  INFO 1908 --- [main] o.s.cloud.commons.util.InetUtils         : Cannot determine local hostname
22:33:29:556  INFO 1908 --- [main] d.s.w.p.DocumentationPluginsBootstrapper : Documentation plugins bootstrapped
22:33:29:561  INFO 1908 --- [main] d.s.w.p.DocumentationPluginsBootstrapper : Found 1 custom documentation plugin(s)
22:33:29:604  INFO 1908 --- [main] s.d.s.w.s.ApiListingReferenceScanner     : Scanning for api listing references
22:33:29:770  INFO 1908 --- [main] com.hmall.cart.CartApplication           : Started CartApplication in 16.13 seconds (JVM running for 17.087)
22:33:29:780  INFO 1908 --- [main] c.a.c.n.refresh.NacosContextRefresher    : [Nacos Config] Listening config: dataId=cart-service, group=DEFAULT_GROUP
22:33:29:782  INFO 1908 --- [main] c.a.c.n.refresh.NacosContextRefresher    : [Nacos Config] Listening config: dataId=cart-service.yaml, group=DEFAULT_GROUP
22:33:29:783  INFO 1908 --- [main] c.a.c.n.refresh.NacosContextRefresher    : [Nacos Config] Listening config: dataId=cart-service-local.yaml, group=DEFAULT_GROUP
23:13:27:478  WARN 1908 --- [Thread-1] c.a.n.common.http.HttpClientBeanHolder   : [HttpClientBeanHolder] Start destroying common HttpClient
23:13:27:478  WARN 1908 --- [Thread-5] c.a.nacos.common.notify.NotifyCenter     : [NotifyCenter] Start destroying Publisher
23:13:27:500  WARN 1908 --- [Thread-5] c.a.nacos.common.notify.NotifyCenter     : [NotifyCenter] Destruction of the end
23:13:27:519  WARN 1908 --- [Thread-1] c.a.n.common.http.HttpClientBeanHolder   : [HttpClientBeanHolder] Destruction of the end
23:13:27:837  INFO 1908 --- [SpringApplicationShutdownHook] c.a.c.n.registry.NacosServiceRegistry    : De-registering from Nacos Server now...
23:13:27:848  INFO 1908 --- [SpringApplicationShutdownHook] c.a.c.n.registry.NacosServiceRegistry    : De-registration finished.
23:13:28:157  INFO 1908 --- [SpringApplicationShutdownHook] com.alibaba.nacos.common.remote.client   : Shutdown rpc client, set status to shutdown
23:13:28:157  INFO 1908 --- [SpringApplicationShutdownHook] com.alibaba.nacos.common.remote.client   : Shutdown client event executor java.util.concurrent.ScheduledThreadPoolExecutor@5a110e7d[Running, pool size = 2, active threads = 2, queued tasks = 0, completed tasks = 0]
23:13:28:158  INFO 1908 --- [SpringApplicationShutdownHook] com.alibaba.nacos.common.remote.client   : Close current connection 1748010809357_192.168.100.1_33378
23:13:28:162  INFO 1908 --- [nacos-grpc-client-executor-511] c.a.n.c.remote.client.grpc.GrpcClient    : [1748010809357_192.168.100.1_33378]Ignore complete event,isRunning:false,isAbandon=false
23:13:28:192  INFO 1908 --- [SpringApplicationShutdownHook] c.a.n.c.remote.client.grpc.GrpcClient    : Shutdown grpc executor java.util.concurrent.ThreadPoolExecutor@cf82c58[Running, pool size = 5, active threads = 0, queued tasks = 0, completed tasks = 512]
