17:02:33:485  INFO 12432 --- [main] com.hmall.trade.TradeApplication         : Starting TradeApplication using Java 21.0.4 on Zzzw-36899999 with PID 12432 (E:\BaiduNetdiskDownload\day03-微服务01\资料\hmall\trade-service\target\classes started by SSSycamore in E:\BaiduNetdiskDownload\day03-微服务01\资料\hmall)
17:02:33:487 DEBUG 12432 --- [main] com.hmall.trade.TradeApplication         : Running with Spring Boot v2.7.12, Spring v5.3.27
17:02:33:487  INFO 12432 --- [main] com.hmall.trade.TradeApplication         : The following 1 profile is active: "local"
17:02:35:195  INFO 12432 --- [main] o.s.cloud.context.scope.GenericScope     : BeanFactory id=9ce88a6d-918d-3ab8-86d9-bf448157f31e
17:02:35:803  INFO 12432 --- [main] o.s.b.w.embedded.tomcat.TomcatWebServer  : Tomcat initialized with port(s): 8084 (http)
17:02:35:817  INFO 12432 --- [main] o.apache.catalina.core.StandardService   : Starting service [Tomcat]
17:02:35:817  INFO 12432 --- [main] org.apache.catalina.core.StandardEngine  : Starting Servlet engine: [Apache Tomcat/9.0.75]
17:02:35:940  INFO 12432 --- [main] o.a.c.c.C.[Tomcat].[localhost].[/]       : Initializing Spring embedded WebApplicationContext
17:02:35:940  INFO 12432 --- [main] w.s.c.ServletWebServerApplicationContext : Root WebApplicationContext: initialization completed in 2398 ms
17:02:36:515  INFO 12432 --- [main] o.s.c.openfeign.FeignClientFactoryBean   : For 'item-service' URL not provided. Will try picking an instance via load-balancing.
17:02:36:793  INFO 12432 --- [main] o.s.c.openfeign.FeignClientFactoryBean   : For 'cart-service' URL not provided. Will try picking an instance via load-balancing.
17:02:38:219  INFO 12432 --- [main] o.s.cloud.commons.util.InetUtils         : Cannot determine local hostname
17:02:38:276  INFO 12432 --- [main] pertySourcedRequestMappingHandlerMapping : Mapped URL path [/v2/api-docs] onto method [springfox.documentation.swagger2.web.Swagger2ControllerWebMvc#getDocumentation(String, HttpServletRequest)]
17:02:39:383  INFO 12432 --- [main] o.s.cloud.commons.util.InetUtils         : Cannot determine local hostname
17:02:39:618  INFO 12432 --- [main] com.alibaba.nacos.common.remote.client   : [RpcClientFactory] create a new rpc client of 487bf878-f506-463a-8e43-3274cb04e52a
17:02:39:740  INFO 12432 --- [main] org.reflections.Reflections              : Reflections took 52 ms to scan 1 urls, producing 3 keys and 6 values 
17:02:39:784  INFO 12432 --- [main] org.reflections.Reflections              : Reflections took 15 ms to scan 1 urls, producing 4 keys and 9 values 
17:02:39:801  INFO 12432 --- [main] org.reflections.Reflections              : Reflections took 12 ms to scan 1 urls, producing 3 keys and 10 values 
17:02:39:805  WARN 12432 --- [main] org.reflections.Reflections              : given scan urls are empty. set urls in the configuration
17:02:39:817  INFO 12432 --- [main] org.reflections.Reflections              : Reflections took 11 ms to scan 1 urls, producing 1 keys and 5 values 
17:02:39:830  INFO 12432 --- [main] org.reflections.Reflections              : Reflections took 10 ms to scan 1 urls, producing 1 keys and 7 values 
17:02:39:842  INFO 12432 --- [main] org.reflections.Reflections              : Reflections took 9 ms to scan 1 urls, producing 2 keys and 8 values 
17:02:39:845  WARN 12432 --- [main] org.reflections.Reflections              : given scan urls are empty. set urls in the configuration
17:02:39:846  INFO 12432 --- [main] com.alibaba.nacos.common.remote.client   : [487bf878-f506-463a-8e43-3274cb04e52a] RpcClient init label, labels = {module=naming, source=sdk}
17:02:39:849  INFO 12432 --- [main] com.alibaba.nacos.common.remote.client   : [487bf878-f506-463a-8e43-3274cb04e52a] RpcClient init, ServerListFactory = com.alibaba.nacos.client.naming.core.ServerListManager
17:02:39:849  INFO 12432 --- [main] com.alibaba.nacos.common.remote.client   : [487bf878-f506-463a-8e43-3274cb04e52a] Registry connection listener to current client:com.alibaba.nacos.client.naming.remote.gprc.redo.NamingGrpcRedoService
17:02:39:850  INFO 12432 --- [main] com.alibaba.nacos.common.remote.client   : [487bf878-f506-463a-8e43-3274cb04e52a] Register server push request handler:com.alibaba.nacos.client.naming.remote.gprc.NamingPushRequestHandler
17:02:39:852  INFO 12432 --- [main] com.alibaba.nacos.common.remote.client   : [487bf878-f506-463a-8e43-3274cb04e52a] Try to connect to server on start up, server: {serverIp = '192.168.100.128', server main port = 8848}
17:02:41:007  INFO 12432 --- [main] com.alibaba.nacos.common.remote.client   : [487bf878-f506-463a-8e43-3274cb04e52a] Success to connect to server [192.168.100.128:8848] on start up, connectionId = 1746781361753_192.168.100.1_4651
17:02:41:008  INFO 12432 --- [com.alibaba.nacos.client.remote.worker] com.alibaba.nacos.common.remote.client   : [487bf878-f506-463a-8e43-3274cb04e52a] Notify connected event to listeners.
17:02:41:008  INFO 12432 --- [main] com.alibaba.nacos.common.remote.client   : [487bf878-f506-463a-8e43-3274cb04e52a] Register server push request handler:com.alibaba.nacos.common.remote.client.RpcClient$ConnectResetRequestHandler
17:02:41:009  INFO 12432 --- [main] com.alibaba.nacos.common.remote.client   : [487bf878-f506-463a-8e43-3274cb04e52a] Register server push request handler:com.alibaba.nacos.common.remote.client.RpcClient$$Lambda/0x000002af97843010
17:02:41:124  INFO 12432 --- [main] o.s.b.w.embedded.tomcat.TomcatWebServer  : Tomcat started on port(s): 8084 (http) with context path ''
17:02:41:176  INFO 12432 --- [main] c.a.c.n.registry.NacosServiceRegistry    : nacos registry, DEFAULT_GROUP trade-service 192.168.100.1:8084 register finished
17:02:41:640  INFO 12432 --- [nacos-grpc-client-executor-8] com.alibaba.nacos.common.remote.client   : [487bf878-f506-463a-8e43-3274cb04e52a] Receive server push request, request = NotifySubscriberRequest, requestId = 1
17:02:41:645  INFO 12432 --- [nacos-grpc-client-executor-8] com.alibaba.nacos.common.remote.client   : [487bf878-f506-463a-8e43-3274cb04e52a] Ack server push request, request = NotifySubscriberRequest, requestId = 1
17:02:42:181  INFO 12432 --- [main] o.s.cloud.commons.util.InetUtils         : Cannot determine local hostname
17:02:42:182  INFO 12432 --- [main] d.s.w.p.DocumentationPluginsBootstrapper : Documentation plugins bootstrapped
17:02:42:187  INFO 12432 --- [main] d.s.w.p.DocumentationPluginsBootstrapper : Found 1 custom documentation plugin(s)
17:02:42:222  INFO 12432 --- [main] s.d.s.w.s.ApiListingReferenceScanner     : Scanning for api listing references
17:02:42:351  INFO 12432 --- [main] com.hmall.trade.TradeApplication         : Started TradeApplication in 10.535 seconds (JVM running for 12.163)
17:03:38:626  INFO 12432 --- [http-nio-8084-exec-2] o.a.c.c.C.[Tomcat].[localhost].[/]       : Initializing Spring DispatcherServlet 'dispatcherServlet'
17:03:38:626  INFO 12432 --- [http-nio-8084-exec-2] o.s.web.servlet.DispatcherServlet        : Initializing Servlet 'dispatcherServlet'
17:03:38:628  INFO 12432 --- [http-nio-8084-exec-2] o.s.web.servlet.DispatcherServlet        : Completed initialization in 2 ms
17:07:41:838  WARN 12432 --- [http-nio-8084-exec-2] .w.s.m.s.DefaultHandlerExceptionResolver : Resolved [org.springframework.http.converter.HttpMessageNotReadableException: JSON parse error: Cannot construct instance of `com.hmall.trade.domain.dto.OrderFormDTO` (although at least one Creator exists): no String-argument constructor/factory method to deserialize from String value ('{<EOL>  "addressId": 59,<EOL>  "details": [<EOL>    {<EOL>      "itemId": 561178,<EOL>      "num": 1<EOL>    },<EOL>    {      <EOL>      "itemId": 625465,<EOL>      "num": 3<EOL>    },<EOL>    {      <EOL>      "itemId": 2348957,<EOL>      "num": 1<EOL>    },<EOL>  ],<EOL>  "paymentType": 3<EOL>}'); nested exception is com.fasterxml.jackson.databind.exc.MismatchedInputException: Cannot construct instance of `com.hmall.trade.domain.dto.OrderFormDTO` (although at least one Creator exists): no String-argument constructor/factory method to deserialize from String value ('{<EOL>  "addressId": 59,<EOL>  "details": [<EOL>    {<EOL>      "itemId": 561178,<EOL>      "num": 1<EOL>    },<EOL>    {      <EOL>      "itemId": 625465,<EOL>      "num": 3<EOL>    },<EOL>    {      <EOL>      "itemId": 2348957,<EOL>      "num": 1<EOL>    },<EOL>  ],<EOL>  "paymentType": 3<EOL>}')<EOL> at [Source: (org.springframework.util.StreamUtils$NonClosingInputStream); line: 1, column: 1]]
17:08:23:417  INFO 12432 --- [http-nio-8084-exec-9] com.zaxxer.hikari.HikariDataSource       : HikariPool-1 - Starting...
17:08:23:820  INFO 12432 --- [http-nio-8084-exec-9] com.zaxxer.hikari.HikariDataSource       : HikariPool-1 - Start completed.
17:08:24:517  INFO 12432 --- [nacos-grpc-client-executor-109] com.alibaba.nacos.common.remote.client   : [487bf878-f506-463a-8e43-3274cb04e52a] Receive server push request, request = NotifySubscriberRequest, requestId = 6
17:08:24:517  INFO 12432 --- [nacos-grpc-client-executor-109] com.alibaba.nacos.common.remote.client   : [487bf878-f506-463a-8e43-3274cb04e52a] Ack server push request, request = NotifySubscriberRequest, requestId = 6
17:08:24:910 DEBUG 12432 --- [http-nio-8084-exec-9] c.hmall.trade.mapper.OrderMapper.insert  : ==>  Preparing: INSERT INTO `order` ( id, total_fee, payment_type, user_id, status ) VALUES ( ?, ?, ?, ?, ? )
17:08:24:939 DEBUG 12432 --- [http-nio-8084-exec-9] c.hmall.trade.mapper.OrderMapper.insert  : ==> Parameters: 1920767802441588738(Long), 339100(Integer), 3(Integer), 1(Long), 1(Integer)
17:08:24:946 DEBUG 12432 --- [http-nio-8084-exec-9] c.hmall.trade.mapper.OrderMapper.insert  : <==    Updates: 1
17:08:24:959 DEBUG 12432 --- [http-nio-8084-exec-9] c.h.t.mapper.OrderDetailMapper.insert    : ==>  Preparing: INSERT INTO order_detail ( order_id, item_id, num, name, spec, price, image ) VALUES ( ?, ?, ?, ?, ?, ?, ? )
17:08:24:961 DEBUG 12432 --- [http-nio-8084-exec-9] c.h.t.mapper.OrderDetailMapper.insert    : ==> Parameters: 1920767802441588738(Long), 561178(Long), 1(Integer), RIMOWA 30寸托运箱拉杆箱 SALSA AIR系列果绿色 820.70.36.4(String), {"颜色": "红色", "尺码": "30寸"}(String), 13000(Integer), https://m.360buyimg.com/mobilecms/s720x720_jfs/t6934/364/1195375010/84676/e9f2c55f/597ece38N0ddcbc77.jpg!q70.jpg.webp(String)
17:08:24:963 DEBUG 12432 --- [http-nio-8084-exec-9] c.h.t.mapper.OrderDetailMapper.insert    : ==> Parameters: 1920767802441588738(Long), 625465(Long), 3(Integer), 德国原装进口牛奶 德亚（Weidendorf）全脂纯牛奶 1L*6盒 礼盒装(String), {}(String), 85900(Integer), https://m.360buyimg.com/mobilecms/s720x720_jfs/t25771/98/1071132390/186396/29fc5eca/5b879ac4Nca072d7c.jpg!q70.jpg.webp(String)
17:08:24:963 DEBUG 12432 --- [http-nio-8084-exec-9] c.h.t.mapper.OrderDetailMapper.insert    : ==> Parameters: 1920767802441588738(Long), 2348957(Long), 1(Integer), 法国大使（Delsey）法式优雅拉杆箱28英寸PP旅行箱万向轮行李箱男黑色841(String), {"颜色": "黑色"}(String), 68400(Integer), https://m.360buyimg.com/mobilecms/s720x720_jfs/t6094/142/6328762536/142833/99362316/5971b1b6N156342e3.jpg!q70.jpg.webp(String)
17:08:25:525  INFO 12432 --- [nacos-grpc-client-executor-112] com.alibaba.nacos.common.remote.client   : [487bf878-f506-463a-8e43-3274cb04e52a] Receive server push request, request = NotifySubscriberRequest, requestId = 7
17:08:25:526  INFO 12432 --- [nacos-grpc-client-executor-112] com.alibaba.nacos.common.remote.client   : [487bf878-f506-463a-8e43-3274cb04e52a] Ack server push request, request = NotifySubscriberRequest, requestId = 7
17:12:38:190  WARN 12432 --- [HikariPool-1 housekeeper] com.zaxxer.hikari.pool.HikariPool        : HikariPool-1 - Thread starvation or clock leap detected (housekeeper delta=4m14s268ms30µs200ns).
17:12:38:196  INFO 12432 --- [nacos-grpc-client-executor-114] com.alibaba.nacos.common.remote.client   : [487bf878-f506-463a-8e43-3274cb04e52a] Receive server push request, request = ClientDetectionRequest, requestId = 8
17:12:38:196  INFO 12432 --- [nacos-grpc-client-executor-114] com.alibaba.nacos.common.remote.client   : [487bf878-f506-463a-8e43-3274cb04e52a] Ack server push request, request = ClientDetectionRequest, requestId = 8
17:12:38:200 ERROR 12432 --- [nacos-grpc-client-executor-114] c.a.n.c.remote.client.grpc.GrpcClient    : [1746781361753_192.168.100.1_4651]Request stream onCompleted, switch server
17:12:38:200  INFO 12432 --- [com.alibaba.nacos.client.remote.worker] com.alibaba.nacos.common.remote.client   : [487bf878-f506-463a-8e43-3274cb04e52a] Server healthy check fail, currentConnection = 1746781361753_192.168.100.1_4651
17:12:38:200 ERROR 12432 --- [com.alibaba.nacos.client.naming.updater.5] com.alibaba.nacos.common.remote.client   : Send request fail, request = ServiceQueryRequest{headers={}, requestId='null'}, retryTimes = 0, errorMessage = java.util.concurrent.ExecutionException: com.alibaba.nacos.shaded.io.grpc.StatusRuntimeException: UNAVAILABLE: HTTP/2 error code: NO_ERROR
Received Goaway
app_requested
17:12:38:200 ERROR 12432 --- [com.alibaba.nacos.client.naming.updater.3] com.alibaba.nacos.common.remote.client   : Send request fail, request = ServiceQueryRequest{headers={}, requestId='null'}, retryTimes = 0, errorMessage = java.util.concurrent.ExecutionException: com.alibaba.nacos.shaded.io.grpc.StatusRuntimeException: UNAVAILABLE: HTTP/2 error code: NO_ERROR
Received Goaway
app_requested
17:12:38:201 ERROR 12432 --- [com.alibaba.nacos.client.naming.updater.4] com.alibaba.nacos.common.remote.client   : Send request fail, request = ServiceQueryRequest{headers={}, requestId='null'}, retryTimes = 0, errorMessage = java.util.concurrent.ExecutionException: com.alibaba.nacos.shaded.io.grpc.StatusRuntimeException: UNAVAILABLE: HTTP/2 error code: NO_ERROR
Received Goaway
app_requested
17:12:38:201  INFO 12432 --- [com.alibaba.nacos.client.remote.worker] com.alibaba.nacos.common.remote.client   : [487bf878-f506-463a-8e43-3274cb04e52a] Try to reconnect to a new server, server is  not appointed, will choose a random server.
17:12:38:302 ERROR 12432 --- [com.alibaba.nacos.client.naming.updater.3] com.alibaba.nacos.common.remote.client   : Send request fail, request = ServiceQueryRequest{headers={}, requestId='null'}, retryTimes = 1, errorMessage = Client not connected, current status:UNHEALTHY
17:12:38:302 ERROR 12432 --- [com.alibaba.nacos.client.naming.updater.5] com.alibaba.nacos.common.remote.client   : Send request fail, request = ServiceQueryRequest{headers={}, requestId='null'}, retryTimes = 1, errorMessage = Client not connected, current status:UNHEALTHY
17:12:38:302 ERROR 12432 --- [com.alibaba.nacos.client.naming.updater.4] com.alibaba.nacos.common.remote.client   : Send request fail, request = ServiceQueryRequest{headers={}, requestId='null'}, retryTimes = 1, errorMessage = Client not connected, current status:UNHEALTHY
17:12:38:321  INFO 12432 --- [com.alibaba.nacos.client.remote.worker] com.alibaba.nacos.common.remote.client   : [487bf878-f506-463a-8e43-3274cb04e52a] Success to connect a server [192.168.100.128:8848], connectionId = 1746781959255_192.168.100.1_2630
17:12:38:321  INFO 12432 --- [com.alibaba.nacos.client.remote.worker] com.alibaba.nacos.common.remote.client   : [487bf878-f506-463a-8e43-3274cb04e52a] Abandon prev connection, server is 192.168.100.128:8848, connectionId is 1746781361753_192.168.100.1_4651
17:12:38:321  INFO 12432 --- [com.alibaba.nacos.client.remote.worker] com.alibaba.nacos.common.remote.client   : Close current connection 1746781361753_192.168.100.1_4651
17:12:38:325  INFO 12432 --- [com.alibaba.nacos.client.remote.worker] com.alibaba.nacos.common.remote.client   : [487bf878-f506-463a-8e43-3274cb04e52a] Try to reconnect to a new server, server is  not appointed, will choose a random server.
17:12:38:326  INFO 12432 --- [com.alibaba.nacos.client.remote.worker] com.alibaba.nacos.common.remote.client   : [487bf878-f506-463a-8e43-3274cb04e52a] Notify disconnected event to listeners
17:12:38:326  INFO 12432 --- [com.alibaba.nacos.client.remote.worker] com.alibaba.nacos.common.remote.client   : [487bf878-f506-463a-8e43-3274cb04e52a] Notify connected event to listeners.
17:12:38:404 ERROR 12432 --- [com.alibaba.nacos.client.naming.updater.4] com.alibaba.nacos.common.remote.client   : Send request fail, request = ServiceQueryRequest{headers={}, requestId='null'}, retryTimes = 2, errorMessage = Client not connected, current status:UNHEALTHY
17:12:38:404 ERROR 12432 --- [com.alibaba.nacos.client.naming.updater.5] com.alibaba.nacos.common.remote.client   : Send request fail, request = ServiceQueryRequest{headers={}, requestId='null'}, retryTimes = 2, errorMessage = Client not connected, current status:UNHEALTHY
17:12:38:404 ERROR 12432 --- [com.alibaba.nacos.client.naming.updater.3] com.alibaba.nacos.common.remote.client   : Send request fail, request = ServiceQueryRequest{headers={}, requestId='null'}, retryTimes = 2, errorMessage = Client not connected, current status:UNHEALTHY
17:12:38:443  INFO 12432 --- [com.alibaba.nacos.client.remote.worker] com.alibaba.nacos.common.remote.client   : [487bf878-f506-463a-8e43-3274cb04e52a] Success to connect a server [192.168.100.128:8848], connectionId = 1746781959377_192.168.100.1_2631
17:12:38:443  INFO 12432 --- [com.alibaba.nacos.client.remote.worker] com.alibaba.nacos.common.remote.client   : [487bf878-f506-463a-8e43-3274cb04e52a] Abandon prev connection, server is 192.168.100.128:8848, connectionId is 1746781959255_192.168.100.1_2630
17:12:38:443  INFO 12432 --- [com.alibaba.nacos.client.remote.worker] com.alibaba.nacos.common.remote.client   : Close current connection 1746781959255_192.168.100.1_2630
17:12:38:445  INFO 12432 --- [com.alibaba.nacos.client.remote.worker] com.alibaba.nacos.common.remote.client   : [487bf878-f506-463a-8e43-3274cb04e52a] Notify disconnected event to listeners
17:12:38:445  INFO 12432 --- [com.alibaba.nacos.client.remote.worker] com.alibaba.nacos.common.remote.client   : [487bf878-f506-463a-8e43-3274cb04e52a] Notify connected event to listeners.
17:12:38:445  INFO 12432 --- [nacos-grpc-client-executor-125] c.a.n.c.remote.client.grpc.GrpcClient    : [1746781959255_192.168.100.1_2630]Ignore complete event,isRunning:true,isAbandon=true
17:12:38:448  INFO 12432 --- [com.alibaba.nacos.client.remote.worker] com.alibaba.nacos.common.remote.client   : [487bf878-f506-463a-8e43-3274cb04e52a] Server check success, currentServer is 192.168.100.128:8848 
17:12:41:755  INFO 12432 --- [nacos-grpc-client-executor-137] com.alibaba.nacos.common.remote.client   : [487bf878-f506-463a-8e43-3274cb04e52a] Receive server push request, request = NotifySubscriberRequest, requestId = 9
17:12:41:755  INFO 12432 --- [nacos-grpc-client-executor-137] com.alibaba.nacos.common.remote.client   : [487bf878-f506-463a-8e43-3274cb04e52a] Ack server push request, request = NotifySubscriberRequest, requestId = 9
17:12:41:764  INFO 12432 --- [nacos-grpc-client-executor-138] com.alibaba.nacos.common.remote.client   : [487bf878-f506-463a-8e43-3274cb04e52a] Receive server push request, request = NotifySubscriberRequest, requestId = 10
17:12:41:765  INFO 12432 --- [nacos-grpc-client-executor-138] com.alibaba.nacos.common.remote.client   : [487bf878-f506-463a-8e43-3274cb04e52a] Ack server push request, request = NotifySubscriberRequest, requestId = 10
17:12:41:773  INFO 12432 --- [nacos-grpc-client-executor-139] com.alibaba.nacos.common.remote.client   : [487bf878-f506-463a-8e43-3274cb04e52a] Receive server push request, request = NotifySubscriberRequest, requestId = 11
17:12:41:773  INFO 12432 --- [nacos-grpc-client-executor-139] com.alibaba.nacos.common.remote.client   : [487bf878-f506-463a-8e43-3274cb04e52a] Ack server push request, request = NotifySubscriberRequest, requestId = 11
17:13:32:164  WARN 12432 --- [Thread-4] c.a.nacos.common.notify.NotifyCenter     : [NotifyCenter] Start destroying Publisher
17:13:32:165  WARN 12432 --- [Thread-4] c.a.nacos.common.notify.NotifyCenter     : [NotifyCenter] Destruction of the end
17:13:32:165  WARN 12432 --- [Thread-7] c.a.n.common.http.HttpClientBeanHolder   : [HttpClientBeanHolder] Start destroying common HttpClient
17:13:32:166  WARN 12432 --- [Thread-7] c.a.n.common.http.HttpClientBeanHolder   : [HttpClientBeanHolder] Destruction of the end
17:13:32:231  INFO 12432 --- [SpringApplicationShutdownHook] c.a.c.n.registry.NacosServiceRegistry    : De-registering from Nacos Server now...
17:13:32:236  INFO 12432 --- [SpringApplicationShutdownHook] c.a.c.n.registry.NacosServiceRegistry    : De-registration finished.
17:13:32:545  INFO 12432 --- [SpringApplicationShutdownHook] com.alibaba.nacos.common.remote.client   : Shutdown rpc client, set status to shutdown
17:13:32:545  INFO 12432 --- [SpringApplicationShutdownHook] com.alibaba.nacos.common.remote.client   : Shutdown client event executor java.util.concurrent.ScheduledThreadPoolExecutor@6b576ff8[Running, pool size = 2, active threads = 2, queued tasks = 0, completed tasks = 0]
17:13:32:545  INFO 12432 --- [SpringApplicationShutdownHook] com.alibaba.nacos.common.remote.client   : Close current connection 1746781959377_192.168.100.1_2631
17:13:32:547  INFO 12432 --- [SpringApplicationShutdownHook] c.a.n.c.remote.client.grpc.GrpcClient    : Shutdown grpc executor java.util.concurrent.ThreadPoolExecutor@2114eb1a[Running, pool size = 4, active threads = 0, queued tasks = 0, completed tasks = 152]
17:13:32:559  INFO 12432 --- [SpringApplicationShutdownHook] com.zaxxer.hikari.HikariDataSource       : HikariPool-1 - Shutdown initiated...
17:13:32:577  INFO 12432 --- [SpringApplicationShutdownHook] com.zaxxer.hikari.HikariDataSource       : HikariPool-1 - Shutdown completed.
