22:33:32:090  INFO 23972 --- [main] com.hmall.user.UserApplication           : The following 1 profile is active: "local"
22:33:34:047  INFO 23972 --- [main] o.s.cloud.context.scope.GenericScope     : BeanFactory id=006f9ec9-0629-3a88-bb6f-437f7cadde7f
22:33:35:669  INFO 23972 --- [main] o.s.b.w.embedded.tomcat.TomcatWebServer  : Tomcat initialized with port(s): 8084 (http)
22:33:35:687  INFO 23972 --- [main] o.apache.catalina.core.StandardService   : Starting service [Tomcat]
22:33:35:687  INFO 23972 --- [main] org.apache.catalina.core.StandardEngine  : Starting Servlet engine: [Apache Tomcat/9.0.75]
22:33:35:854  INFO 23972 --- [main] o.a.c.c.C.[Tomcat].[localhost].[/]       : Initializing Spring embedded WebApplicationContext
22:33:35:855  INFO 23972 --- [main] w.s.c.ServletWebServerApplicationContext : Root WebApplicationContext: initialization completed in 3712 ms
22:33:37:610  INFO 23972 --- [main] c.a.c.sentinel.SentinelWebMvcConfigurer  : [Sentinel Starter] register SentinelWebInterceptor with urlPatterns: [/**].
22:33:39:052  INFO 23972 --- [main] o.s.cloud.commons.util.InetUtils         : Cannot determine local hostname
22:33:39:133  INFO 23972 --- [main] pertySourcedRequestMappingHandlerMapping : Mapped URL path [/v2/api-docs] onto method [springfox.documentation.swagger2.web.Swagger2ControllerWebMvc#getDocumentation(String, HttpServletRequest)]
22:33:40:502  INFO 23972 --- [main] o.s.cloud.commons.util.InetUtils         : Cannot determine local hostname
22:33:40:959  INFO 23972 --- [main] com.alibaba.nacos.common.remote.client   : [RpcClientFactory] create a new rpc client of d7b11812-c49a-4474-a593-b042fff9c110
22:33:40:960  INFO 23972 --- [main] com.alibaba.nacos.common.remote.client   : [d7b11812-c49a-4474-a593-b042fff9c110] RpcClient init label, labels = {module=naming, source=sdk}
22:33:40:962  INFO 23972 --- [main] com.alibaba.nacos.common.remote.client   : [d7b11812-c49a-4474-a593-b042fff9c110] RpcClient init, ServerListFactory = com.alibaba.nacos.client.naming.core.ServerListManager
22:33:40:963  INFO 23972 --- [main] com.alibaba.nacos.common.remote.client   : [d7b11812-c49a-4474-a593-b042fff9c110] Registry connection listener to current client:com.alibaba.nacos.client.naming.remote.gprc.redo.NamingGrpcRedoService
22:33:40:964  INFO 23972 --- [main] com.alibaba.nacos.common.remote.client   : [d7b11812-c49a-4474-a593-b042fff9c110] Register server push request handler:com.alibaba.nacos.client.naming.remote.gprc.NamingPushRequestHandler
22:33:40:965  INFO 23972 --- [main] com.alibaba.nacos.common.remote.client   : [d7b11812-c49a-4474-a593-b042fff9c110] Try to connect to server on start up, server: {serverIp = '192.168.100.128', server main port = 8848}
22:33:41:089  INFO 23972 --- [main] com.alibaba.nacos.common.remote.client   : [d7b11812-c49a-4474-a593-b042fff9c110] Success to connect to server [192.168.100.128:8848] on start up, connectionId = 1748010821970_192.168.100.1_33447
22:33:41:089  INFO 23972 --- [main] com.alibaba.nacos.common.remote.client   : [d7b11812-c49a-4474-a593-b042fff9c110] Register server push request handler:com.alibaba.nacos.common.remote.client.RpcClient$ConnectResetRequestHandler
22:33:41:089  INFO 23972 --- [com.alibaba.nacos.client.remote.worker] com.alibaba.nacos.common.remote.client   : [d7b11812-c49a-4474-a593-b042fff9c110] Notify connected event to listeners.
22:33:41:089  INFO 23972 --- [main] com.alibaba.nacos.common.remote.client   : [d7b11812-c49a-4474-a593-b042fff9c110] Register server push request handler:com.alibaba.nacos.common.remote.client.RpcClient$$Lambda/0x0000026b81505898
22:33:41:159  INFO 23972 --- [main] o.s.b.w.embedded.tomcat.TomcatWebServer  : Tomcat started on port(s): 8084 (http) with context path ''
22:33:41:178  INFO 23972 --- [main] c.a.c.n.registry.NacosServiceRegistry    : nacos registry, DEFAULT_GROUP user-service 192.168.100.1:8084 register finished
22:33:41:692  INFO 23972 --- [nacos-grpc-client-executor-9] com.alibaba.nacos.common.remote.client   : [d7b11812-c49a-4474-a593-b042fff9c110] Receive server push request, request = NotifySubscriberRequest, requestId = 13
22:33:41:694  INFO 23972 --- [nacos-grpc-client-executor-9] com.alibaba.nacos.common.remote.client   : [d7b11812-c49a-4474-a593-b042fff9c110] Ack server push request, request = NotifySubscriberRequest, requestId = 13
22:33:42:183  INFO 23972 --- [main] o.s.cloud.commons.util.InetUtils         : Cannot determine local hostname
22:33:42:183  INFO 23972 --- [main] d.s.w.p.DocumentationPluginsBootstrapper : Documentation plugins bootstrapped
22:33:42:186  INFO 23972 --- [main] d.s.w.p.DocumentationPluginsBootstrapper : Found 1 custom documentation plugin(s)
22:33:42:206  INFO 23972 --- [main] s.d.s.w.s.ApiListingReferenceScanner     : Scanning for api listing references
22:33:42:313  INFO 23972 --- [main] com.hmall.user.UserApplication           : Started UserApplication in 15.299 seconds (JVM running for 16.759)
22:33:42:324  INFO 23972 --- [main] c.a.c.n.refresh.NacosContextRefresher    : [Nacos Config] Listening config: dataId=user-service.yaml, group=DEFAULT_GROUP
22:33:42:324  INFO 23972 --- [main] c.a.c.n.refresh.NacosContextRefresher    : [Nacos Config] Listening config: dataId=user-service-local.yaml, group=DEFAULT_GROUP
22:33:42:325  INFO 23972 --- [main] c.a.c.n.refresh.NacosContextRefresher    : [Nacos Config] Listening config: dataId=user-service, group=DEFAULT_GROUP
22:54:40:699  INFO 23972 --- [http-nio-8084-exec-1] o.a.c.c.C.[Tomcat].[localhost].[/]       : Initializing Spring DispatcherServlet 'dispatcherServlet'
22:54:40:705  INFO 23972 --- [http-nio-8084-exec-1] o.s.web.servlet.DispatcherServlet        : Initializing Servlet 'dispatcherServlet'
22:54:40:754  INFO 23972 --- [http-nio-8084-exec-1] o.s.web.servlet.DispatcherServlet        : Completed initialization in 49 ms
22:54:55:841  INFO 23972 --- [http-nio-8084-exec-1] com.zaxxer.hikari.HikariDataSource       : HikariPool-1 - Starting...
22:54:56:240  INFO 23972 --- [http-nio-8084-exec-1] com.zaxxer.hikari.HikariDataSource       : HikariPool-1 - Start completed.
22:54:56:252 DEBUG 23972 --- [http-nio-8084-exec-1] c.h.user.mapper.UserMapper.selectOne     : ==>  Preparing: SELECT id,username,password,phone,create_time,update_time,status,balance FROM user WHERE (username = ?)
22:54:56:280 DEBUG 23972 --- [http-nio-8084-exec-1] c.h.user.mapper.UserMapper.selectOne     : ==> Parameters: jack(String)
22:54:56:337 DEBUG 23972 --- [http-nio-8084-exec-1] c.h.user.mapper.UserMapper.selectOne     : <==      Total: 1
23:13:28:670  WARN 23972 --- [Thread-1] c.a.n.common.http.HttpClientBeanHolder   : [HttpClientBeanHolder] Start destroying common HttpClient
23:13:28:670  WARN 23972 --- [Thread-5] c.a.nacos.common.notify.NotifyCenter     : [NotifyCenter] Start destroying Publisher
23:13:28:685  WARN 23972 --- [Thread-5] c.a.nacos.common.notify.NotifyCenter     : [NotifyCenter] Destruction of the end
23:13:28:708  WARN 23972 --- [Thread-1] c.a.n.common.http.HttpClientBeanHolder   : [HttpClientBeanHolder] Destruction of the end
23:13:29:009  INFO 23972 --- [SpringApplicationShutdownHook] c.a.c.n.registry.NacosServiceRegistry    : De-registering from Nacos Server now...
23:13:29:013  INFO 23972 --- [SpringApplicationShutdownHook] c.a.c.n.registry.NacosServiceRegistry    : De-registration finished.
23:13:29:324  INFO 23972 --- [SpringApplicationShutdownHook] com.alibaba.nacos.common.remote.client   : Shutdown rpc client, set status to shutdown
23:13:29:325  INFO 23972 --- [SpringApplicationShutdownHook] com.alibaba.nacos.common.remote.client   : Shutdown client event executor java.util.concurrent.ScheduledThreadPoolExecutor@20a434a8[Running, pool size = 2, active threads = 2, queued tasks = 0, completed tasks = 0]
23:13:29:325  INFO 23972 --- [SpringApplicationShutdownHook] com.alibaba.nacos.common.remote.client   : Close current connection 1748010821970_192.168.100.1_33447
23:13:29:331  INFO 23972 --- [nacos-grpc-client-executor-508] c.a.n.c.remote.client.grpc.GrpcClient    : [1748010821970_192.168.100.1_33447]Ignore complete event,isRunning:false,isAbandon=false
23:13:29:376  INFO 23972 --- [SpringApplicationShutdownHook] c.a.n.c.remote.client.grpc.GrpcClient    : Shutdown grpc executor java.util.concurrent.ThreadPoolExecutor@17fa25f1[Running, pool size = 5, active threads = 0, queued tasks = 0, completed tasks = 509]
23:13:29:397  INFO 23972 --- [SpringApplicationShutdownHook] com.zaxxer.hikari.HikariDataSource       : HikariPool-1 - Shutdown initiated...
23:13:29:443  INFO 23972 --- [SpringApplicationShutdownHook] com.zaxxer.hikari.HikariDataSource       : HikariPool-1 - Shutdown completed.
